<?xml version="1.0" encoding="UTF-8"?>
<testng-results ignored="0" total="1" passed="1" failed="0" skipped="0">
  <reporter-output>
    <line>
      <![CDATA[The product is increased in the  wishlist]]>
    </line>
  </reporter-output>
  <suite started-at="2023-01-23T00:19:31 IST" name="Default suite" finished-at="2023-01-23T00:19:44 IST" duration-ms="12549">
    <groups>
    </groups>
    <test started-at="2023-01-23T00:19:31 IST" name="Default test" finished-at="2023-01-23T00:19:44 IST" duration-ms="12549">
      <class name="Practice.TC_007">
        <test-method signature="DecreaseProductQTYFromWishlist()[pri:0, instance:Practice.TC_007@71c3b41]" started-at="2023-01-23T00:19:31 IST" name="DecreaseProductQTYFromWishlist" finished-at="2023-01-23T00:19:44 IST" duration-ms="12490" status="PASS">
          <reporter-output>
            <line>
              <![CDATA[The product is increased in the  wishlist]]>
            </line>
          </reporter-output>
        </test-method> <!-- DecreaseProductQTYFromWishlist -->
      </class> <!-- Practice.TC_007 -->
    </test> <!-- Default test -->
  </suite> <!-- Default suite -->
</testng-results>
