<?xml version="1.0" encoding="UTF-8"?>
<!-- Generated by org.testng.reporters.JUnitXMLReporter -->
<testsuite ignored="0" hostname="DESKTOP-U2C28AP" failures="0" tests="3" name="Test" time="16.036" errors="0" timestamp="2023-01-12T17:09:01 IST">
  <testcase classname="workingWithTEstNG.GroupExecution" name="Maruti1" time="6.866"/>
  <testcase classname="workingWithTEstNG.GroupExecution" name="Maruti" time="3.726"/>
  <testcase classname="workingWithTEstNG.GroupExecution" name="Yamaha" time="5.394"/>
</testsuite> <!-- Test -->
