<?xml version="1.0" encoding="UTF-8"?>
<!-- Generated by org.testng.reporters.JUnitXMLReporter -->
<testsuite ignored="0" hostname="DESKTOP-U2C28AP" failures="0" tests="4" name="Test1" time="78.342" errors="0" timestamp="2023-01-03T15:41:45 IST">
  <testcase classname="Pack_2.BoysCar_1" name="Maruti" time="44.357"/>
  <testcase classname="Pack_2.BoysCar_2" name="Maruti" time="10.14"/>
  <testcase classname="Pack_2.BoysCar_3" name="Maruti" time="11.864"/>
  <testcase classname="Pack_2.BoysCar_4" name="Maruti" time="11.908"/>
</testsuite> <!-- Test1 -->
